gvec
gtotal = - (x[1] - 40)*p[1]*x[3]*x[2]^3 - (x[1] + 87)*p[2]*x[4]^4 - (x[1] + 64.387)*p[3] + 20;((x[2] - 1)*(0.1*x[1] + 5.0))/(exp(- x[1]/10 - 5) - 1) - 4*exp(- x[1]/18 - 25/6)*x[2];- 0.07*exp(- x[1]/20 - 15/4)*(x[3] - 1) - x[3]/(exp(- x[1]/10 - 9/2) + 1);((x[4] - 1)*(0.01*x[1] + 0.65))/(exp(- x[1]/10 - 13/2) - 1) - 0.125*exp(- x[1]/80 - 15/16)*x[4] 
xdim = 4
kdim = 3
gs = [- (x[1] - 40)*p[1]*x[3]*x[2]^3 - (x[1] + 87)*p[2]*x[4]^4 - (x[1] + 64.387)*p[3] + 20, ((x[2] - 1)*(0.1*x[1] + 5.0))/(exp(- x[1]/10 - 5) - 1) - 4*exp(- x[1]/18 - 25/6)*x[2], - 0.07*exp(- x[1]/20 - 15/4)*(x[3] - 1) - x[3]/(exp(- x[1]/10 - 9/2) + 1), ((x[4] - 1)*(0.01*x[1] + 0.65))/(exp(- x[1]/10 - 13/2) - 1) - 0.125*exp(- x[1]/80 - 15/16)*x[4] ]
gs[1] = - (x[1] - 40)*p[1]*x[3]*x[2]^3 - (x[1] + 87)*p[2]*x[4]^4 - (x[1] + 64.387)*p[3] + 20
gs[2] = ((x[2] - 1)*(0.1*x[1] + 5.0))/(exp(- x[1]/10 - 5) - 1) - 4*exp(- x[1]/18 - 25/6)*x[2]
gs[3] = - 0.07*exp(- x[1]/20 - 15/4)*(x[3] - 1) - x[3]/(exp(- x[1]/10 - 9/2) + 1)
gs[4] = ((x[4] - 1)*(0.01*x[1] + 0.65))/(exp(- x[1]/10 - 13/2) - 1) - 0.125*exp(- x[1]/80 - 15/16)*x[4] 
gx[1] = - (x[1] - 40)*p[1]*x[3]*x[2]^3 - (x[1] + 87)*p[2]*x[4]^4 - (x[1] + 64.387)*p[3] + 20
gx[2] = ((x[2] - 1)*(0.1*x[1] + 5.0))/(exp(- x[1]/10 - 5) - 1) - 4*exp(- x[1]/18 - 25/6)*x[2]
gx[3] = - 0.07*exp(- x[1]/20 - 15/4)*(x[3] - 1) - x[3]/(exp(- x[1]/10 - 9/2) + 1)
gx[4] = ((x[4] - 1)*(0.01*x[1] + 0.65))/(exp(- x[1]/10 - 13/2) - 1) - 0.125*exp(- x[1]/80 - 15/16)*x[4]
dgvec_dxvec
gtotal = - (x[1] - 40)*p[1]*x[3]*x[2]^3 - (x[1] + 87)*p[2]*x[4]^4 - (x[1] + 64.387)*p[3] + 20;((x[2] - 1)*(0.1*x[1] + 5.0))/(exp(- x[1]/10 - 5) - 1) - 4*exp(- x[1]/18 - 25/6)*x[2];- 0.07*exp(- x[1]/20 - 15/4)*(x[3] - 1) - x[3]/(exp(- x[1]/10 - 9/2) + 1);((x[4] - 1)*(0.01*x[1] + 0.65))/(exp(- x[1]/10 - 13/2) - 1) - 0.125*exp(- x[1]/80 - 15/16)*x[4] 
xdim = 4
kdim = 3
gs = [- (x[1] - 40)*p[1]*x[3]*x[2]^3 - (x[1] + 87)*p[2]*x[4]^4 - (x[1] + 64.387)*p[3] + 20, ((x[2] - 1)*(0.1*x[1] + 5.0))/(exp(- x[1]/10 - 5) - 1) - 4*exp(- x[1]/18 - 25/6)*x[2], - 0.07*exp(- x[1]/20 - 15/4)*(x[3] - 1) - x[3]/(exp(- x[1]/10 - 9/2) + 1), ((x[4] - 1)*(0.01*x[1] + 0.65))/(exp(- x[1]/10 - 13/2) - 1) - 0.125*exp(- x[1]/80 - 15/16)*x[4] ]
gs[1] = - (x[1] - 40)*p[1]*x[3]*x[2]^3 - (x[1] + 87)*p[2]*x[4]^4 - (x[1] + 64.387)*p[3] + 20
gs[2] = ((x[2] - 1)*(0.1*x[1] + 5.0))/(exp(- x[1]/10 - 5) - 1) - 4*exp(- x[1]/18 - 25/6)*x[2]
gs[3] = - 0.07*exp(- x[1]/20 - 15/4)*(x[3] - 1) - x[3]/(exp(- x[1]/10 - 9/2) + 1)
gs[4] = ((x[4] - 1)*(0.01*x[1] + 0.65))/(exp(- x[1]/10 - 13/2) - 1) - 0.125*exp(- x[1]/80 - 15/16)*x[4] 
gx[1] = - (x[1] - 40)*p[1]*x[3]*x[2]^3 - (x[1] + 87)*p[2]*x[4]^4 - (x[1] + 64.387)*p[3] + 20
gx[2] = ((x[2] - 1)*(0.1*x[1] + 5.0))/(exp(- x[1]/10 - 5) - 1) - 4*exp(- x[1]/18 - 25/6)*x[2]
gx[3] = - 0.07*exp(- x[1]/20 - 15/4)*(x[3] - 1) - x[3]/(exp(- x[1]/10 - 9/2) + 1)
gx[4] = ((x[4] - 1)*(0.01*x[1] + 0.65))/(exp(- x[1]/10 - 13/2) - 1) - 0.125*exp(- x[1]/80 - 15/16)*x[4]
dgvec_dparam
gtotal = - (x[1] - 40)*p[1]*x[3]*x[2]^3 - (x[1] + 87)*p[2]*x[4]^4 - (x[1] + 64.387)*p[3] + 20;((x[2] - 1)*(0.1*x[1] + 5.0))/(exp(- x[1]/10 - 5) - 1) - 4*exp(- x[1]/18 - 25/6)*x[2];- 0.07*exp(- x[1]/20 - 15/4)*(x[3] - 1) - x[3]/(exp(- x[1]/10 - 9/2) + 1);((x[4] - 1)*(0.01*x[1] + 0.65))/(exp(- x[1]/10 - 13/2) - 1) - 0.125*exp(- x[1]/80 - 15/16)*x[4] 
xdim = 4
kdim = 3
gs = [- (x[1] - 40)*p[1]*x[3]*x[2]^3 - (x[1] + 87)*p[2]*x[4]^4 - (x[1] + 64.387)*p[3] + 20, ((x[2] - 1)*(0.1*x[1] + 5.0))/(exp(- x[1]/10 - 5) - 1) - 4*exp(- x[1]/18 - 25/6)*x[2], - 0.07*exp(- x[1]/20 - 15/4)*(x[3] - 1) - x[3]/(exp(- x[1]/10 - 9/2) + 1), ((x[4] - 1)*(0.01*x[1] + 0.65))/(exp(- x[1]/10 - 13/2) - 1) - 0.125*exp(- x[1]/80 - 15/16)*x[4] ]
gs[1] = - (x[1] - 40)*p[1]*x[3]*x[2]^3 - (x[1] + 87)*p[2]*x[4]^4 - (x[1] + 64.387)*p[3] + 20
gs[2] = ((x[2] - 1)*(0.1*x[1] + 5.0))/(exp(- x[1]/10 - 5) - 1) - 4*exp(- x[1]/18 - 25/6)*x[2]
gs[3] = - 0.07*exp(- x[1]/20 - 15/4)*(x[3] - 1) - x[3]/(exp(- x[1]/10 - 9/2) + 1)
gs[4] = ((x[4] - 1)*(0.01*x[1] + 0.65))/(exp(- x[1]/10 - 13/2) - 1) - 0.125*exp(- x[1]/80 - 15/16)*x[4] 
gx[1] = - (x[1] - 40)*p[1]*x[3]*x[2]^3 - (x[1] + 87)*p[2]*x[4]^4 - (x[1] + 64.387)*p[3] + 20
gx[2] = ((x[2] - 1)*(0.1*x[1] + 5.0))/(exp(- x[1]/10 - 5) - 1) - 4*exp(- x[1]/18 - 25/6)*x[2]
gx[3] = - 0.07*exp(- x[1]/20 - 15/4)*(x[3] - 1) - x[3]/(exp(- x[1]/10 - 9/2) + 1)
gx[4] = ((x[4] - 1)*(0.01*x[1] + 0.65))/(exp(- x[1]/10 - 13/2) - 1) - 0.125*exp(- x[1]/80 - 15/16)*x[4]
qoi
qtotal = x[1] 
xdim = 4
kdim = 3
qdim = 1
qs = [x[1] ]
qs[1] = x[1] 
qx[1] = x[1]
cp
cp = p[1]
xdim = 4
kdim = 3
cps = p[1]
